<?xml version="1.0" encoding="UTF-8"?>
<testsuite name="TestRunner.CucumberRunner$CucumberRunnerTests" tests="3" skipped="0" failures="0" errors="0" timestamp="2023-05-13T12:26:50" hostname="DESKTOP-KCCH660" time="17.577">
  <properties/>
  <testcase name="runScenario[0](&quot;Manager adds a customer&quot;, &quot;Optional[Bank Manager Login (add customer)]&quot;)" classname="TestRunner.CucumberRunner$CucumberRunnerTests" time="12.681"/>
  <testcase name="runScenario[1](&quot;Manager open an account&quot;, &quot;Optional[Bank Manager Login (open account)]&quot;)" classname="TestRunner.CucumberRunner$CucumberRunnerTests" time="1.146"/>
  <testcase name="runScenario[2](&quot;manager delete account&quot;, &quot;Optional[Bank Manager Login (customers)]&quot;)" classname="TestRunner.CucumberRunner$CucumberRunnerTests" time="3.737"/>
  <system-out><![CDATA[
@addCustomer
Scenario Outline: Manager adds a customer              # src/test/resources/features/bml1AddAccount.feature:13
  Given bank manager lands on the XYZ home page        # StepDefinition.BML1AddAccountStepDefinition.bankManagerLandsOnTheXYZHomePage()
  When manager clicks on the bank manager login option # StepDefinition.BML1AddAccountStepDefinition.managerClicksOnTheBankManagerLoginOption()
  And manager clicks on the add customer tab           # StepDefinition.BML1AddAccountStepDefinition.managerClicksOnTheAddCustomerTab()
  And manager inserts 'Manotosh' 'Halder' and '1212'   # StepDefinition.BML1AddAccountStepDefinition.managerInsertsFirstNameLastNameAndPostCode(java.lang.String,java.lang.String,java.lang.String)
  And manager clicks on the add customer option        # StepDefinition.BML1AddAccountStepDefinition.managerClicksOnTheAddCustomerOption()
Customer added successfully with customer id :6
  Then manager gets a popup notification and closes it # StepDefinition.BML1AddAccountStepDefinition.managerGetsAPopupNotificationAndClosesIt()

@addCustomer
Scenario: Manager open an account                           # src/test/resources/features/bml2OpenAccount.feature:4
  Given bank manager clicks on the oppen account tab        # StepDefinition.BML2OppenAccountStepdefs.bankManagerClicksOnTheOppenAccountTab()
  When bank manager select newly add a customer name        # StepDefinition.BML2OppenAccountStepdefs.bankManagerSelectNewlyAddACustomerName()
  And bank manager select currency                          # StepDefinition.BML2OppenAccountStepdefs.bankManagerSelectCurrency()
  And bank manager click process button                     # StepDefinition.BML2OppenAccountStepdefs.bankManagerClickProcessButton()
Account created successfully with account Number :1016
  Then bank manager gets a popup notification and closes it # StepDefinition.BML2OppenAccountStepdefs.bankManagerGetsAPopupNotificationAndClosesIt()

@addCustomer
Scenario: manager delete account            # src/test/resources/features/bml3DeleteCustomer.feature:4
  Given manager in customers page           # StepDefinition.BML3DeleteAccountStepdefs.managerInCustomersPage()
  When manager search name                  # StepDefinition.BML3DeleteAccountStepdefs.managerSearchName()
  And manager delete the account            # StepDefinition.BML3DeleteAccountStepdefs.managerDeleteTheAccount()
  Then successfully account will be deleted # StepDefinition.BML3DeleteAccountStepdefs.successfullyAccountWillBeDeleted()
]]></system-out>
  <system-err><![CDATA[SLF4J: Failed to load class "org.slf4j.impl.StaticLoggerBinder".
SLF4J: Defaulting to no-operation (NOP) logger implementation
SLF4J: See http://www.slf4j.org/codes.html#StaticLoggerBinder for further details.
Starting ChromeDriver 113.0.5672.63 (0e1a4471d5ae5bf128b1bd8f4d627c8cbd55f70c-refs/branch-heads/5672@{#912}) on port 51832
Only local connections are allowed.
Please see https://chromedriver.chromium.org/security-considerations for suggestions on keeping ChromeDriver safe.
ChromeDriver was started successfully.
May 13, 2023 6:26:59 PM org.openqa.selenium.remote.ProtocolHandshake createSession
INFO: Detected dialect: W3C
May 13, 2023 6:26:59 PM org.openqa.selenium.devtools.CdpVersionFinder findNearestMatch
WARNING: Unable to find an exact match for CDP version 113, so returning the closest version found: a no-op implementation
May 13, 2023 6:26:59 PM org.openqa.selenium.devtools.CdpVersionFinder findNearestMatch
INFO: Unable to find CDP implementation matching 113.
May 13, 2023 6:26:59 PM org.openqa.selenium.chromium.ChromiumDriver lambda$new$3
WARNING: Unable to find version of CDP to use for . You may need to include a dependency on a specific version of the CDP using something similar to `org.seleniumhq.selenium:selenium-devtools-v86:4.1.2` where the version ("v86") matches the version of the chromium-based browser you're using and the version number of the artifact is the same as Selenium's.
]]></system-err>
</testsuite>
