<?xml version="1.0" encoding="UTF-8"?>
<!-- Generated by org.testng.reporters.JUnitReportReporter -->
<testsuite skipped="0" hostname="DESKTOP-KCCH660" name="TestRunner.CucumberRunner$CucumberRunnerTests" tests="3" failures="0" timestamp="2023-05-13T18:27:08 BDT" time="17.564" errors="0">
  <testcase name="runScenario" time="1.146" classname="TestRunner.CucumberRunner$CucumberRunnerTests"/>
  <system-out/>
  <testcase name="runScenario" time="3.737" classname="TestRunner.CucumberRunner$CucumberRunnerTests"/>
  <system-out/>
  <testcase name="runScenario" time="12.681" classname="TestRunner.CucumberRunner$CucumberRunnerTests"/>
  <system-out/>
</testsuite> <!-- TestRunner.CucumberRunner$CucumberRunnerTests -->
